<?xml version="1.0" encoding="UTF-8"?>
<!-- Generated by org.testng.reporters.JUnitXMLReporter -->
<testsuite ignored="0" hostname="DESKTOP-H0SC0VJ" failures="0" tests="2" name="TestSuit" time="3.631" errors="0" timestamp="12 Jan 2023 16:08:33 GMT">
  <testcase classname="restAssuredAssignment.RestApi.Tc1" name="verifyTeamHasFourForeignPlayer" time="3.528"/>
  <testcase classname="restAssuredAssignment.RestApi.Tc2" name="verifyTeamHasOneWicketKeeper" time="0.045"/>
</testsuite> <!-- TestSuit -->
