<?xml version="1.0" encoding="UTF-8"?>
<testng-results ignored="0" total="1" passed="1" failed="0" skipped="0">
  <reporter-output>
  </reporter-output>
  <suite started-at="2023-01-12T09:20:38Z" name="Default suite" finished-at="2023-01-12T09:20:42Z" duration-ms="3518">
    <groups>
    </groups>
    <test started-at="2023-01-12T09:20:38Z" name="Default test" finished-at="2023-01-12T09:20:42Z" duration-ms="3518">
      <class name="restAssuredAssignment.RestApi.Tc1">
        <test-method signature="verifyTeamHasFourForeignPlayer()[pri:0, instance:restAssuredAssignment.RestApi.Tc1@1757cd72]" started-at="2023-01-12T09:20:38Z" name="verifyTeamHasFourForeignPlayer" finished-at="2023-01-12T09:20:42Z" duration-ms="3466" status="PASS">
          <reporter-output>
          </reporter-output>
        </test-method> <!-- verifyTeamHasFourForeignPlayer -->
      </class> <!-- restAssuredAssignment.RestApi.Tc1 -->
    </test> <!-- Default test -->
  </suite> <!-- Default suite -->
</testng-results>
